TN:
SF:src\app.ts
FN:9,main
FNF:1
FNH:1
FNDA:1,main
DA:1,1
DA:2,1
DA:3,1
DA:4,1
DA:5,1
DA:6,1
DA:7,1
DA:8,1
DA:9,1
DA:10,1
DA:11,1
DA:12,1
DA:13,1
DA:14,1
DA:15,1
DA:16,1
LF:16
LH:16
BRDA:5,0,0,1
BRDA:9,1,0,1
BRF:2
BRH:2
end_of_record
TN:
SF:src\config\envs.ts
FNF:0
FNH:0
DA:1,1
DA:2,1
DA:3,1
DA:4,1
DA:5,1
DA:6,1
DA:7,1
LF:7
LH:7
BRF:0
BRH:0
end_of_record
TN:
SF:src\data\postgres\index.ts
FNF:0
FNH:0
DA:1,1
DA:2,1
DA:3,1
LF:3
LH:3
BRF:0
BRH:0
end_of_record
TN:
SF:src\domain\dtos\todos\create-todo.dto.ts
FN:2,<instance_members_initializer>
FN:2,CreateTodoDto
FN:4,create
FNF:3
FNH:3
FNDA:1,<instance_members_initializer>
FNDA:1,CreateTodoDto
FNDA:3,create
DA:1,1
DA:2,1
DA:3,1
DA:4,1
DA:5,3
DA:6,3
DA:7,3
DA:8,1
DA:9,1
DA:10,1
DA:11,1
LF:11
LH:11
BRDA:2,0,0,1
BRDA:2,1,0,1
BRDA:4,2,0,3
BRDA:7,3,0,1
BRDA:7,4,0,2
BRDA:8,5,0,1
BRF:6
BRH:6
end_of_record
TN:
SF:src\domain\errors\custom.error.ts
FN:3,<instance_members_initializer>
FN:2,CustomError
FNF:2
FNH:2
FNDA:3,<instance_members_initializer>
FNDA:3,CustomError
DA:1,1
DA:2,1
DA:3,3
DA:4,3
DA:5,3
DA:6,3
DA:7,3
DA:8,1
LF:8
LH:8
BRDA:3,0,0,3
BRDA:2,1,0,3
BRF:2
BRH:2
end_of_record
TN:
SF:src\infraestructure\datasource\todo.datasource.impl.ts
FN:9,create
FN:14,getAll
FN:19,findByID
FN:25,updateByID
FN:35,deleteByID
FNF:5
FNH:5
FNDA:1,create
FNDA:3,getAll
FNDA:9,findByID
FNDA:4,updateByID
FNDA:2,deleteByID
DA:1,1
DA:2,1
DA:3,1
DA:4,1
DA:5,1
DA:6,1
DA:7,1
DA:8,1
DA:9,1
DA:10,1
DA:11,1
DA:12,1
DA:13,1
DA:14,1
DA:15,3
DA:16,3
DA:17,3
DA:18,3
DA:19,1
DA:20,9
DA:21,9
DA:22,5
DA:23,5
DA:24,5
DA:25,1
DA:26,4
DA:27,3
DA:28,3
DA:29,3
DA:30,3
DA:31,3
DA:32,3
DA:33,3
DA:34,3
DA:35,1
DA:36,2
DA:37,1
DA:38,1
DA:39,1
DA:40,1
DA:41,1
DA:42,1
DA:43,1
LF:43
LH:43
BRDA:9,0,0,1
BRDA:14,1,0,3
BRDA:17,2,0,6
BRDA:19,3,0,9
BRDA:21,4,0,8
BRDA:21,5,0,3
BRDA:22,6,0,5
BRDA:25,7,0,4
BRDA:27,8,0,3
BRDA:35,9,0,2
BRDA:37,10,0,1
BRF:11
BRH:11
end_of_record
TN:
SF:src\presentation\server.ts
FN:12,<instance_members_initializer>
FN:18,Server
FN:25,start
FN:50,close
FNF:4
FNH:4
FNDA:1,<instance_members_initializer>
FNDA:1,Server
FNDA:1,start
FNDA:1,close
DA:1,1
DA:2,1
DA:3,1
DA:4,1
DA:5,1
DA:6,1
DA:7,1
DA:8,1
DA:9,1
DA:10,1
DA:11,1
DA:12,1
DA:13,1
DA:14,1
DA:15,1
DA:16,1
DA:17,1
DA:18,1
DA:19,1
DA:20,1
DA:21,1
DA:22,1
DA:23,1
DA:24,1
DA:25,1
DA:26,1
DA:27,1
DA:28,1
DA:29,1
DA:30,1
DA:31,1
DA:32,1
DA:33,1
DA:34,1
DA:35,1
DA:36,1
DA:37,1
DA:38,1
DA:39,1
DA:40,1
DA:41,1
DA:42,1
DA:43,1
DA:44,1
DA:45,1
DA:46,1
DA:47,1
DA:48,1
DA:49,1
DA:50,1
DA:51,1
DA:52,1
DA:53,1
LF:53
LH:53
BRDA:12,0,0,1
BRDA:18,1,0,1
BRDA:25,2,0,1
BRDA:38,3,0,1
BRDA:45,4,0,1
BRDA:50,5,0,1
BRF:6
BRH:6
end_of_record
TN:
SF:src\presentation\todos\controller.ts
FN:14,<instance_members_initializer>
FN:14,TodosController
FN:16,handleError
FN:26,getTodos
FN:33,getTodoByID
FN:42,createTodo
FN:53,updateTodo
FN:66,deleteTodo
FNF:8
FNH:8
FNDA:2,<instance_members_initializer>
FNDA:2,TodosController
FNDA:4,handleError
FNDA:3,getTodos
FNDA:3,getTodoByID
FNDA:3,createTodo
FNDA:5,updateTodo
FNDA:2,deleteTodo
DA:1,1
DA:2,1
DA:3,1
DA:4,1
DA:5,1
DA:6,1
DA:7,1
DA:8,1
DA:9,1
DA:10,1
DA:11,1
DA:12,1
DA:13,1
DA:14,1
DA:15,2
DA:16,2
DA:17,4
DA:18,3
DA:19,3
DA:20,3
DA:21,1
DA:22,1
DA:23,1
DA:24,2
DA:25,2
DA:26,2
DA:27,3
DA:28,3
DA:29,3
DA:30,3
DA:31,2
DA:32,2
DA:33,2
DA:34,3
DA:35,3
DA:36,3
DA:37,3
DA:38,3
DA:39,3
DA:40,2
DA:41,2
DA:42,2
DA:43,3
DA:44,3
DA:45,3
DA:46,1
DA:47,1
DA:48,1
DA:49,1
DA:50,1
DA:51,2
DA:52,2
DA:53,2
DA:54,5
DA:55,5
DA:56,5
DA:57,5
DA:58,5
DA:59,4
DA:60,4
DA:61,4
DA:62,4
DA:63,4
DA:64,2
DA:65,2
DA:66,2
DA:67,2
DA:68,2
DA:69,2
DA:70,2
DA:71,2
DA:72,2
DA:73,1
DA:74,1
LF:74
LH:74
BRDA:14,0,0,2
BRDA:14,1,0,2
BRDA:16,2,0,4
BRDA:17,3,0,3
BRDA:21,4,0,1
BRDA:26,5,0,3
BRDA:29,6,0,3
BRDA:33,7,0,3
BRDA:38,8,0,1
BRDA:39,9,0,2
BRDA:42,10,0,3
BRDA:45,11,0,2
BRDA:46,12,0,1
BRDA:49,13,0,1
BRDA:53,14,0,5
BRDA:58,15,0,1
BRDA:59,16,0,4
BRDA:62,17,0,3
BRDA:63,18,0,1
BRDA:66,19,0,2
BRDA:71,20,0,1
BRDA:72,21,0,1
BRF:22
BRH:22
end_of_record
TN:
SF:tests\test-server.ts
FNF:0
FNH:0
DA:1,1
DA:2,1
DA:3,1
DA:4,1
DA:5,1
DA:6,1
DA:7,1
DA:8,1
LF:8
LH:8
BRF:0
BRH:0
end_of_record
